2025-08-25 09:12:16,249 - INFO - LabelPrinter initialized with logging enabled (Station: DESKTOP-VPMEM9L)
2025-08-25 09:12:20,354 - ERROR - Ошибка подключения к БД: connection to server at "localhost" (::1), port 5432 failed: Connection refused (0x0000274D/10061)
	Is the server running on that host and accepting TCP/IP connections?
connection to server at "localhost" (127.0.0.1), port 5432 failed: Connection refused (0x0000274D/10061)
	Is the server running on that host and accepting TCP/IP connections?

2025-08-25 09:12:20,367 - DEBUG - Found 10 printers
2025-08-25 09:15:04,450 - INFO - LabelPrinter initialized with logging enabled (Station: DESKTOP-VPMEM9L)
2025-08-25 09:15:06,513 - ERROR - Ошибка подключения к БД: connection to server at "192.168.88.132", port 5432 failed: Connection refused (0x0000274D/10061)
	Is the server running on that host and accepting TCP/IP connections?

2025-08-25 09:15:06,513 - ERROR - [ERROR] Ошибка подключения к БД
2025-08-25 09:15:06,522 - DEBUG - Found 10 printers
2025-08-25 09:15:56,225 - INFO - LabelPrinter initialized with logging enabled (Station: DESKTOP-VPMEM9L)
2025-08-25 09:15:58,291 - ERROR - Ошибка подключения к БД: connection to server at "192.168.88.132", port 5432 failed: Connection refused (0x0000274D/10061)
	Is the server running on that host and accepting TCP/IP connections?

2025-08-25 09:15:58,292 - ERROR - [ERROR] Ошибка подключения к БД
2025-08-25 09:15:58,292 - DEBUG - Found 10 printers
2025-08-25 09:16:56,424 - INFO - LabelPrinter initialized with logging enabled (Station: DESKTOP-VPMEM9L)
2025-08-25 09:16:58,469 - ERROR - Ошибка подключения к БД: connection to server at "192.168.88.132", port 5432 failed: Connection refused (0x0000274D/10061)
	Is the server running on that host and accepting TCP/IP connections?

2025-08-25 09:16:58,469 - ERROR - [ERROR] Ошибка подключения к БД
2025-08-25 09:16:58,469 - DEBUG - Found 10 printers
2025-08-25 09:21:00,662 - INFO - LabelPrinter initialized with logging enabled (Station: DESKTOP-VPMEM9L)
2025-08-25 09:21:02,724 - ERROR - Ошибка подключения к БД: connection to server at "192.168.88.132", port 5432 failed: Connection refused (0x0000274D/10061)
	Is the server running on that host and accepting TCP/IP connections?

2025-08-25 09:21:02,724 - ERROR - [ERROR] Ошибка подключения к БД
2025-08-25 09:21:02,726 - DEBUG - Found 10 printers
2025-08-25 09:27:21,372 - INFO - LabelPrinter initialized with logging enabled (Station: DESKTOP-VPMEM9L)
2025-08-25 09:27:21,410 - INFO - [OK] Подключение к БД успешно
2025-08-25 09:27:21,410 - DEBUG - Found 10 printers
2025-08-25 09:28:13,215 - INFO - LabelPrinter initialized with logging enabled (Station: DESKTOP-VPMEM9L)
2025-08-25 09:28:13,243 - INFO - [OK] Подключение к БД успешно
2025-08-25 09:28:13,252 - DEBUG - Found 10 printers
2025-08-25 09:29:06,827 - INFO - LabelPrinter initialized with logging enabled (Station: DESKTOP-VPMEM9L)
2025-08-25 09:29:06,860 - INFO - [OK] Подключение к БД успешно
2025-08-25 09:29:06,864 - DEBUG - Found 10 printers
2025-08-25 09:34:12,445 - INFO - LabelPrinter initialized with logging enabled (Station: DESKTOP-VPMEM9L)
2025-08-25 09:34:12,445 - INFO - Creating and printing label: TEST-RC-001
2025-08-25 09:34:12,445 - INFO - Сохранение в БД: TEST-RC-001 (preready)
2025-08-25 09:34:12,489 - INFO - [OK] Успешно сохранено в БД: TEST-RC-001 (ID: 44, Status: preready)
2025-08-25 09:34:12,489 - DEBUG - Creating label for serial: TEST-RC-001
2025-08-25 09:34:12,489 - DEBUG - Removed existing file: label.pdf
2025-08-25 09:34:12,489 - DEBUG - Added serial number at (27, 13.3)
2025-08-25 09:34:12,499 - DEBUG - Added QR code at (19, 2)
2025-08-25 09:34:12,547 - INFO - Label created successfully: label.pdf
2025-08-25 09:34:12,547 - INFO - Starting print job: label.pdf with scale 1.0
2025-08-25 09:34:12,547 - DEBUG - Converting PDF to image: label.pdf
2025-08-25 09:34:12,729 - DEBUG - PDF converted to image: (532, 237)
2025-08-25 09:34:12,729 - DEBUG - Connecting to printer: TSC TE300
2025-08-25 09:34:13,346 - DEBUG - Print area: x=0, y=-20, width=532, height=237
2025-08-25 09:34:13,346 - INFO - Print job completed successfully
2025-08-25 09:34:13,346 - INFO - [OK] Этикетка TEST-RC-001 успешно напечатана и записана в БД
2025-08-25 09:35:22,803 - INFO - LabelPrinter initialized with logging enabled (Station: DESKTOP-VPMEM9L)
2025-08-25 09:35:22,803 - INFO - Creating and printing label: TEST-RC-001
2025-08-25 09:35:22,803 - INFO - Сохранение в БД: TEST-RC-001 (preready)
2025-08-25 09:35:22,847 - INFO - [OK] Успешно сохранено в БД: TEST-RC-001 (ID: 44, Status: preready)
2025-08-25 09:35:22,847 - DEBUG - Creating label for serial: TEST-RC-001
2025-08-25 09:35:22,847 - DEBUG - Removed existing file: label.pdf
2025-08-25 09:35:22,847 - DEBUG - Added serial number at (27, 13.3)
2025-08-25 09:35:22,862 - DEBUG - Added QR code at (19, 2)
2025-08-25 09:35:22,904 - INFO - Label created successfully: label.pdf
2025-08-25 09:35:22,904 - INFO - Starting print job: label.pdf with scale 1.0
2025-08-25 09:35:22,905 - DEBUG - Converting PDF to image: label.pdf
2025-08-25 09:35:22,958 - DEBUG - PDF converted to image: (532, 237)
2025-08-25 09:35:22,958 - DEBUG - Connecting to printer: TSC TE300
2025-08-25 09:35:23,275 - DEBUG - Print area: x=0, y=-20, width=532, height=237
2025-08-25 09:35:23,275 - INFO - Print job completed successfully
2025-08-25 09:35:23,275 - INFO - [OK] Этикетка TEST-RC-001 успешно напечатана и записана в БД
2025-08-25 09:48:48,835 - INFO - LabelPrinter initialized with logging enabled (Station: DESKTOP-VPMEM9L)
2025-08-25 09:48:48,835 - INFO - Creating and printing label: TEST-RC-001
2025-08-25 09:48:48,835 - INFO - Сохранение в БД: TEST-RC-001 (preready)
2025-08-25 09:48:48,885 - INFO - [OK] Успешно сохранено в БД: TEST-RC-001 (ID: 44, Status: preready)
2025-08-25 09:48:48,885 - DEBUG - Creating label for serial: TEST-RC-001
2025-08-25 09:48:48,885 - DEBUG - Removed existing file: label.pdf
2025-08-25 09:48:48,885 - DEBUG - Added serial number at (27, 13.3)
2025-08-25 09:48:48,885 - DEBUG - Added QR code at (19, 2)
2025-08-25 09:48:48,937 - INFO - Label created successfully: label.pdf
2025-08-25 09:48:48,937 - INFO - Starting print job: label.pdf with scale 1.0
2025-08-25 09:48:48,938 - DEBUG - Converting PDF to image: label.pdf
2025-08-25 09:48:48,989 - DEBUG - PDF converted to image: (532, 237)
2025-08-25 09:48:48,989 - DEBUG - Connecting to printer: TSC TE300
2025-08-25 09:48:49,365 - DEBUG - Print area: x=0, y=-20, width=532, height=237
2025-08-25 09:48:49,365 - INFO - Print job completed successfully
2025-08-25 09:48:49,365 - INFO - [OK] Этикетка TEST-RC-001 успешно напечатана и записана в БД
